INFO: 2022/12/06 19:35:56 logger.go:37: v1 - UserPageHandler - GetById: user doesn't exist
ERROR 2022/12/06 19:37:11 logger.go:35: v1 - FindPostsHandler - GetPostsByQuery: PostsUseCase - GetPostsByQuery #6 - PostsRepo - GetById - Scan: sql: no rows in result set
ERROR 2022/12/06 19:37:54 v1 - FindPostsHandler - GetPostsByQuery: PostsUseCase - GetPostsByQuery #6 - PostsRepo - GetById - Scan: sql: no rows in result set
ERROR 2022/12/12 22:15:04 v1 - FindPostsHandler - GetPostsByQuery: PostsUseCase - GetPostsByQuery #6 - PostsRepo - GetById - Scan: sql: no rows in result set
ERROR 2022/12/19 22:34:39 v1 - IndexHandler - TypeAssertion:got data of type v1.Content but wanted v1.Content
ERROR 2022/12/19 22:45:33 v1 - IndexHandler - TypeAssertion:got data of type v1.Content but wanted v1.Content
ERROR 2022/12/19 22:56:14 v1 - Errors - ParseFiles: open templates/errorhtml: The system cannot find the file specified.
ERROR 2022/12/22 19:28:18 parseFiles: open ../../../..//home/student/github/forum/internal/controller/http/v1templates/index.html: no such file or directory
ERROR 2022/12/22 19:28:18 v1 - IndexHandler - ParseAndExecute - open ../../../..//home/student/github/forum/internal/controller/http/v1templates/index.html: no such file or directory
ERROR 2022/12/22 19:28:33 parseFiles: open ../../../..//home/student/github/forum/internal/controller/http/v1templates/index.html: no such file or directory
ERROR 2022/12/22 19:28:33 v1 - IndexHandler - ParseAndExecute - open ../../../..//home/student/github/forum/internal/controller/http/v1templates/index.html: no such file or directory
ERROR 2022/12/22 19:28:43 parseFiles: open ../../../../home/student/github/forum/internal/controller/http/v1templates/index.html: no such file or directory
ERROR 2022/12/22 19:28:43 v1 - IndexHandler - ParseAndExecute - open ../../../../home/student/github/forum/internal/controller/http/v1templates/index.html: no such file or directory
ERROR 2022/12/22 19:33:27 parseFiles: open /home/student/github/forumtemplates/index.html: no such file or directory
ERROR 2022/12/22 19:33:27 v1 - IndexHandler - ParseAndExecute - open /home/student/github/forumtemplates/index.html: no such file or directory
INFO: 2022/12/23 19:53:09 v1 - SearchByCategoryHandler - GetAllByCategory: posts wasn't found
INFO: 2022/12/23 19:53:12 v1 - SearchByCategoryHandler - GetAllByCategory: posts wasn't found
INFO: 2022/12/23 19:53:16 v1 - SearchByCategoryHandler - GetAllByCategory: posts wasn't found
INFO: 2022/12/23 19:53:34 v1 - SearchByCategoryHandler - GetAllByCategory: posts wasn't found
ERROR 2022/12/24 20:17:22 parseFiles: open C:\Users\subud\Desktop\golang\frm\forum\internal\controller\http\v1/templates/index.html: The system cannot find the path specified.
ERROR 2022/12/24 20:17:22 v1 - Errors - ParseFiles: open C:\Users\subud\Desktop\golang\frm\forum\internal\controller\http\v1/templates/errors.html: The system cannot find the path specified.
ERROR 2022/12/24 20:17:22 v1 - IndexHandler - ParseAndExecute - open C:\Users\subud\Desktop\golang\frm\forum\internal\controller\http\v1/templates/index.html: The system cannot find the path specified.
ERROR 2022/12/24 20:17:23 v1 - Errors - ParseFiles: open C:\Users\subud\Desktop\golang\frm\forum\internal\controller\http\v1/templates/errors.html: The system cannot find the path specified.
ERROR 2022/12/24 20:17:32 parseFiles: open C:\Users\subud\Desktop\golang\frm\forum\internal\controller\http\v1/templates/index.html: The system cannot find the path specified.
ERROR 2022/12/24 20:17:32 v1 - Errors - ParseFiles: open C:\Users\subud\Desktop\golang\frm\forum\internal\controller\http\v1/templates/errors.html: The system cannot find the path specified.
ERROR 2022/12/24 20:17:32 v1 - IndexHandler - ParseAndExecute - open C:\Users\subud\Desktop\golang\frm\forum\internal\controller\http\v1/templates/index.html: The system cannot find the path specified.
ERROR 2022/12/24 20:17:33 v1 - Errors - ParseFiles: open C:\Users\subud\Desktop\golang\frm\forum\internal\controller\http\v1/templates/errors.html: The system cannot find the path specified.
ERROR 2022/12/24 20:18:18 parseFiles: open C:\Users\subud\Desktop\golang\frm\forum\internal\controller\http\v1/templates/index.html: The system cannot find the path specified.
ERROR 2022/12/24 20:18:18 v1 - Errors - ParseFiles: open C:\Users\subud\Desktop\golang\frm\forum\internal\controller\http\v1/templates/errors.html: The system cannot find the path specified.
ERROR 2022/12/24 20:18:18 v1 - IndexHandler - ParseAndExecute - open C:\Users\subud\Desktop\golang\frm\forum\internal\controller\http\v1/templates/index.html: The system cannot find the path specified.
ERROR 2022/12/24 20:18:18 v1 - Errors - ParseFiles: open C:\Users\subud\Desktop\golang\frm\forum\internal\controller\http\v1/templates/errors.html: The system cannot find the path specified.
ERROR 2022/12/24 20:19:20 parseFiles: open C:\Users\subud\Desktop\golang\frm\forum\internal\controller\http\v1/templates/index.html: The system cannot find the path specified.
ERROR 2022/12/24 20:19:20 v1 - Errors - ParseFiles: open C:\Users\subud\Desktop\golang\frm\forum\internal\controller\http\v1/templates/errors.html: The system cannot find the path specified.
ERROR 2022/12/24 20:19:20 v1 - IndexHandler - ParseAndExecute - open C:\Users\subud\Desktop\golang\frm\forum\internal\controller\http\v1/templates/index.html: The system cannot find the path specified.
ERROR 2022/12/24 20:19:20 v1 - Errors - ParseFiles: open C:\Users\subud\Desktop\golang\frm\forum\internal\controller\http\v1/templates/errors.html: The system cannot find the path specified.
ERROR 2022/12/24 20:22:02 parseFiles: open C:\Users\subud\Desktop\golang\frm\forum\internal\controller\http\v1/templates/index.html: The system cannot find the path specified.
ERROR 2022/12/24 20:22:02 v1 - Errors - ParseFiles: open C:\Users\subud\Desktop\golang\frm\forum\internal\controller\http\v1/templates/errors.html: The system cannot find the path specified.
ERROR 2022/12/24 20:22:02 v1 - IndexHandler - ParseAndExecute - open C:\Users\subud\Desktop\golang\frm\forum\internal\controller\http\v1/templates/index.html: The system cannot find the path specified.
ERROR 2022/12/24 20:22:02 v1 - Errors - ParseFiles: open C:\Users\subud\Desktop\golang\frm\forum\internal\controller\http\v1/templates/errors.html: The system cannot find the path specified.
INFO: 2022/12/24 20:28:07 v1 - SearchByCategoryHandler - GetAllByCategory: posts wasn't found
INFO: 2022/12/24 20:28:24 v1 - SearchByCategoryHandler - GetAllByCategory: posts wasn't found
ERROR 2022/12/24 20:30:05 v1 - PostPageHandler - Atoi: strconv.Atoi: parsing "sefdfg": invalid syntax
INFO: 2022/12/24 20:30:18 v1 - SearchByCategoryHandler - GetAllByCategory: posts wasn't found
ERROR 2022/12/24 20:30:18 v1 - PostPageHandler - Atoi: strconv.Atoi: parsing "sefdfg": invalid syntax
INFO: 2022/12/24 20:30:33 v1 - SearchByCategoryHandler - GetAllByCategory: posts wasn't found
ERROR 2022/12/24 20:30:33 v1 - PostPageHandler - Atoi: strconv.Atoi: parsing "sefdfg": invalid syntax
INFO: 2022/12/24 20:46:58 v1 - SearchByCategoryHandler - GetAllByCategory: posts wasn't found
ERROR 2022/12/24 20:46:58 v1 - PostPageHandler - Atoi: strconv.Atoi: parsing "sefdfg": invalid syntax
ERROR 2022/12/24 20:47:41 v1 - PostPageHandler - Atoi: strconv.Atoi: parsing "sefdfg": invalid syntax
ERROR 2022/12/24 21:57:29 v1 - PostPutLikeHandler - Atoi: strconv.Atoi: parsing "wewe": invalid syntax
ERROR 2022/12/24 21:58:42 v1 - PostPutDislikeHandler - Atoi: strconv.Atoi: parsing "": invalid syntax
ERROR 2022/12/24 21:58:42 v1 - PostPutDislikeHandler - Atoi: strconv.Atoi: parsing "e": invalid syntax
ERROR 2022/12/24 21:59:01 v1 - PostPutDislikeHandler - Atoi: strconv.Atoi: parsing "e": invalid syntax
ERROR 2022/12/24 22:02:23 v1 - FindPostsHandler - Atoi: strconv.Atoi: parsing "abc": invalid syntax
INFO: 2022/12/24 22:36:52 v1 - SignInHandler - SignIn: password is incorrect
INFO: 2022/12/24 22:37:46 v1 - SignInHandler - SignIn: password is incorrect
ERROR 2022/12/25 19:21:35 v1 - EditProfilePageHandler - Atoi: strconv.Atoi: parsing "dfg": invalid syntax
INFO: 2022/12/25 19:35:40 v1 - SignInHandler - SignIn: user doesn't exist
ERROR 2022/12/26 19:52:52 v1 - CreateCommentPageHandler - Atoi: strconv.Atoi: parsing "dfg": invalid syntax
ERROR 2022/12/26 19:53:18 v1 - CreateCommentPageHandler - Atoi: strconv.Atoi: parsing "dfg": invalid syntax
ERROR 2022/12/26 19:57:48 v1 - CreateCommentHandler - Atoi: strconv.Atoi: parsing "dfg": invalid syntax
ERROR 2022/12/26 19:57:48 v1 - CreateCommentHandler - URL.Path: strconv.Atoi: parsing "dfg": invalid syntax
ERROR 2022/12/26 19:58:16 v1 - CreateCommentHandler - Atoi: strconv.Atoi: parsing "dfg": invalid syntax
ERROR 2022/12/26 19:58:16 v1 - CreateCommentHandler - URL.Path: strconv.Atoi: parsing "dfg": invalid syntax
ERROR 2022/12/26 20:00:00 v1 - CommentPutLikeHandler - Atoi: strconv.Atoi: parsing "wert": invalid syntax
ERROR 2022/12/26 20:00:00 v1 - CommentPutLikeHandler - URL.Path: strconv.Atoi: parsing "wert": invalid syntax
ERROR 2022/12/26 20:00:52 v1 - CommentPutDislikeHandler - Atoi: strconv.Atoi: parsing "wert": invalid syntax
ERROR 2022/12/26 20:00:52 v1 - CommentPutDislikeHandler - URL.Path: strconv.Atoi: parsing "wert": invalid syntax
